<?xml version="1.0" encoding="UTF-8"?>
<testsuite name="com.example.usuario.model.UsuarioTest" tests="3" skipped="0" failures="0" errors="0" timestamp="2025-10-01T03:07:06.928Z" hostname="DESKTOP-E9S7203" time="0.021">
  <properties/>
  <testcase name="testSettersYGetters()" classname="com.example.usuario.model.UsuarioTest" time="0.018"/>
  <testcase name="testConstructorConParametros()" classname="com.example.usuario.model.UsuarioTest" time="0.001"/>
  <testcase name="testConstructorSinParametros()" classname="com.example.usuario.model.UsuarioTest" time="0.0"/>
  <system-out><![CDATA[]]></system-out>
  <system-err><![CDATA[]]></system-err>
</testsuite>
